<?xml version="1.0" encoding="UTF-8"?>
<robot generator="Robot 3.2.1 (Python 3.8.3 on win32)" generated="20210630 23:14:46.190" rpa="false">
<suite id="s1" name="Tylko2" source="C:\development\robot-scripts\tylko\tests\tylko2.robot">
<test id="s1-t1" name="Adding item to a cart as logged user">
<kw name="Open Login Page and close pop-ups" library="tylko-actions" type="setup">
<kw name="Open Tylko Site" library="common">
<kw name="Open Browser" library="SeleniumLibrary">
<doc>Opens a new browser instance to the optional ``url``.</doc>
<arguments>
<arg>http://tylko.com</arg>
<arg>${BROWSER}</arg>
</arguments>
<msg timestamp="20210630 23:14:46.389" level="INFO">Opening browser 'chrome' to base url 'http://tylko.com'.</msg>
<status status="PASS" starttime="20210630 23:14:46.389" endtime="20210630 23:14:50.977"></status>
</kw>
<kw name="Maximize Browser Window" library="SeleniumLibrary">
<doc>Maximizes current browser window.</doc>
<status status="PASS" starttime="20210630 23:14:50.977" endtime="20210630 23:14:51.139"></status>
</kw>
<kw name="Set Selenium Timeout" library="SeleniumLibrary">
<doc>Sets the timeout that is used by various keywords.</doc>
<arguments>
<arg>15</arg>
</arguments>
<status status="PASS" starttime="20210630 23:14:51.139" endtime="20210630 23:14:51.141"></status>
</kw>
<kw name="Title Should Be" library="SeleniumLibrary">
<doc>Verifies that the current page title equals ``title``.</doc>
<arguments>
<arg>${MAIN_PAGE_TITLE}</arg>
</arguments>
<msg timestamp="20210630 23:14:51.533" level="INFO">Page title is 'Tylko: create the ideal shelves and wardrobes for your home'.</msg>
<status status="PASS" starttime="20210630 23:14:51.141" endtime="20210630 23:14:51.534"></status>
</kw>
<status status="PASS" starttime="20210630 23:14:46.388" endtime="20210630 23:14:51.534"></status>
</kw>
<kw name="Rodo" library="tylko-actions">
<kw name="Rodo Accept" library="rodo_bar">
<kw name="Wait Until Page Contains" library="SeleniumLibrary">
<doc>Waits until ``text`` appears on the current page.</doc>
<arguments>
<arg>${RODO_NOTE}</arg>
</arguments>
<status status="PASS" starttime="20210630 23:14:51.536" endtime="20210630 23:14:51.626"></status>
</kw>
<kw name="Click Button" library="SeleniumLibrary">
<doc>Clicks the button identified by ``locator``.</doc>
<arguments>
<arg>That's ok</arg>
</arguments>
<msg timestamp="20210630 23:14:51.626" level="INFO">Clicking button 'That's ok'.</msg>
<status status="PASS" starttime="20210630 23:14:51.626" endtime="20210630 23:14:51.842"></status>
</kw>
<kw name="Wait Until Element Is Not Visible" library="SeleniumLibrary">
<doc>Waits until the element ``locator`` is not visible.</doc>
<arguments>
<arg>//button[@aria-label="That's ok"]</arg>
</arguments>
<status status="PASS" starttime="20210630 23:14:51.843" endtime="20210630 23:14:52.656"></status>
</kw>
<status status="PASS" starttime="20210630 23:14:51.535" endtime="20210630 23:14:52.656"></status>
</kw>
<status status="PASS" starttime="20210630 23:14:51.534" endtime="20210630 23:14:52.657"></status>
</kw>
<status status="PASS" starttime="20210630 23:14:46.388" endtime="20210630 23:14:52.657"></status>
</kw>
<kw name="Log in as User1" library="tylko-actions">
<arguments>
<arg>dub.is.rising@gmail.com</arg>
<arg>Password12345</arg>
</arguments>
<kw name="User Click On Sign in Link" library="tylko-actions">
<kw name="Sign In Link Click" library="top_nav_bar">
<kw name="Click Element" library="SeleniumLibrary">
<doc>Click the element identified by ``locator``.</doc>
<arguments>
<arg>//div[@class="px-16</arg>
<arg>mobile-hidden "]//*[@id='link-account']</arg>
</arguments>
<msg timestamp="20210630 23:14:52.661" level="INFO">Clicking element '//div[@class="px-16' with mobile-hidden "]//*[@id='link-account'].</msg>
<kw name="Capture Page Screenshot" library="SeleniumLibrary">
<doc>Takes a screenshot of the current page and embeds it into a log file.</doc>
<msg timestamp="20210630 23:14:53.436" level="INFO" html="yes">&lt;/td&gt;&lt;/tr&gt;&lt;tr&gt;&lt;td colspan="3"&gt;&lt;a href="selenium-screenshot-8.png"&gt;&lt;img src="selenium-screenshot-8.png" width="800px"&gt;&lt;/a&gt;</msg>
<status status="PASS" starttime="20210630 23:14:52.661" endtime="20210630 23:14:53.436"></status>
</kw>
<msg timestamp="20210630 23:14:53.439" level="FAIL">ValueError: 'MOBILE-HIDDEN "]//*[@ID='LINK-ACCOUNT']' modifier does not match to Selenium Keys</msg>
<status status="FAIL" starttime="20210630 23:14:52.660" endtime="20210630 23:14:53.439"></status>
</kw>
<status status="FAIL" starttime="20210630 23:14:52.660" endtime="20210630 23:14:53.439"></status>
</kw>
<status status="FAIL" starttime="20210630 23:14:52.659" endtime="20210630 23:14:53.441"></status>
</kw>
<status status="FAIL" starttime="20210630 23:14:52.658" endtime="20210630 23:14:53.441"></status>
</kw>
<kw name="Close The Browser" library="common" type="teardown">
<kw name="Close Browser" library="SeleniumLibrary">
<doc>Closes the current browser.</doc>
<status status="PASS" starttime="20210630 23:14:53.442" endtime="20210630 23:14:55.630"></status>
</kw>
<status status="PASS" starttime="20210630 23:14:53.441" endtime="20210630 23:14:55.631"></status>
</kw>
<doc>This test verifies if logged user can add an item to the cart</doc>
<tags>
<tag>smoke</tag>
</tags>
<status status="FAIL" starttime="20210630 23:14:46.387" endtime="20210630 23:14:55.632" critical="yes">ValueError: 'MOBILE-HIDDEN "]//*[@ID='LINK-ACCOUNT']' modifier does not match to Selenium Keys</status>
</test>
<status status="FAIL" starttime="20210630 23:14:46.192" endtime="20210630 23:14:55.640"></status>
</suite>
<statistics>
<total>
<stat pass="0" fail="1">Critical Tests</stat>
<stat pass="0" fail="1">All Tests</stat>
</total>
<tag>
<stat pass="0" fail="1">smoke</stat>
</tag>
<suite>
<stat pass="0" fail="1" id="s1" name="Tylko2">Tylko2</stat>
</suite>
</statistics>
<errors>
</errors>
</robot>
